[2025-07-01 13:39:58] INFO: Starting chatAI4R Package Execution Tests
[2025-07-01 13:39:58] INFO: Test mode: utilities
[2025-07-01 13:39:58] INFO: API key provided: TRUE
[2025-07-01 13:39:58] INFO: Output file: test_results_20250701_133958.log
[2025-07-01 13:39:58] INFO: === Testing Utility Functions ===
[2025-07-01 13:39:58] INFO: Running test: slow_print_v2_basic
[2025-07-01 13:40:00] PASS: ✓ PASSED: slow_print_v2_basic
[2025-07-01 13:40:00] INFO: Running test: slow_print_v2_random
[2025-07-01 13:40:02] PASS: ✓ PASSED: slow_print_v2_random
[2025-07-01 13:40:02] INFO: Running test: ngsub_basic
[2025-07-01 13:40:02] PASS: ✓ PASSED: ngsub_basic
[2025-07-01 13:40:02] INFO: Running test: removeQuotations_basic
[2025-07-01 13:40:02] PASS: ✓ PASSED: removeQuotations_basic
[2025-07-01 13:40:02] INFO: Running test: interpretResult_basic
[2025-07-01 13:40:02] ERROR: ✗ FAILED: interpretResult_basic - could not find function "interpretResult"
[2025-07-01 13:40:02] INFO: Running test: convertBullet2Sentence_basic
[2025-07-01 13:40:02] PASS: ✓ PASSED: convertBullet2Sentence_basic
[2025-07-01 13:40:02] INFO: === TEST SUMMARY ===
[2025-07-01 13:40:02] INFO: Total tests: 6
[2025-07-01 13:40:02] INFO: Passed: 5
[2025-07-01 13:40:02] INFO: Failed: 1
[2025-07-01 13:40:02] INFO: Skipped: 0
[2025-07-01 13:40:02] INFO: === FAILED TESTS ===
[2025-07-01 13:40:02] INFO: - interpretResult_basic: Error in interpretResult("test", "This is test data"): could not find function "interpretResult"

[2025-07-01 13:40:02] INFO: Detailed results saved to: test_results_20250701_133958_details.json
[2025-07-01 13:40:02] ERROR: Tests completed with failures
